find_header: checking for sqlite3.h... -------------------- yes

"clang -o conftest -I/Users/mephux/.rvm/rubies/ruby-1.9.3-p194/include/ruby-1.9.1/x86_64-darwin11.4.0 -I/Users/mephux/.rvm/rubies/ruby-1.9.3-p194/include/ruby-1.9.1/ruby/backward -I/Users/mephux/.rvm/rubies/ruby-1.9.3-p194/include/ruby-1.9.1 -I. -I/usr/local/include -I/opt/local/include -I/sw/local/include -I/usr/include -I/Users/mephux/.rvm/usr/include -D_XOPEN_SOURCE -D_DARWIN_C_SOURCE    -O3 -g3 -Wextra -Wno-unused-parameter -Wno-parentheses -Wno-long-long -Wno-missing-field-initializers -Wpointer-arith -Wwrite-strings -Wdeclaration-after-statement -Wshorten-64-to-32 -Wimplicit-function-declaration  -fno-common -pipe conftest.c  -L. -L/Users/mephux/.rvm/rubies/ruby-1.9.3-p194/lib -L/usr/local/lib -L/opt/local/lib -L/sw/local/lib -L/usr/lib -L/Users/mephux/.rvm/usr/lib -L. -L/usr/local/lib     -lruby.1.9.1  -lpthread -ldl -lobjc "
ld: warning: directory not found for option '-L/opt/local/lib'
ld: warning: directory not found for option '-L/sw/local/lib'
checked program was:
/* begin */
1: #include "ruby.h"
2: 
3: int main() {return 0;}
/* end */

"clang -E -I/Users/mephux/.rvm/rubies/ruby-1.9.3-p194/include/ruby-1.9.1/x86_64-darwin11.4.0 -I/Users/mephux/.rvm/rubies/ruby-1.9.3-p194/include/ruby-1.9.1/ruby/backward -I/Users/mephux/.rvm/rubies/ruby-1.9.3-p194/include/ruby-1.9.1 -I. -I/usr/local/include -I/opt/local/include -I/sw/local/include -I/usr/include -I/Users/mephux/.rvm/usr/include -D_XOPEN_SOURCE -D_DARWIN_C_SOURCE    -O3 -g3 -Wextra -Wno-unused-parameter -Wno-parentheses -Wno-long-long -Wno-missing-field-initializers -Wpointer-arith -Wwrite-strings -Wdeclaration-after-statement -Wshorten-64-to-32 -Wimplicit-function-declaration  -fno-common -pipe  conftest.c -o conftest.i"
checked program was:
/* begin */
1: #include "ruby.h"
2: 
3: #include <sqlite3.h>
/* end */

--------------------

find_library: checking for sqlite3_libversion_number() in -lsqlite3... -------------------- yes

"clang -o conftest -I/Users/mephux/.rvm/rubies/ruby-1.9.3-p194/include/ruby-1.9.1/x86_64-darwin11.4.0 -I/Users/mephux/.rvm/rubies/ruby-1.9.3-p194/include/ruby-1.9.1/ruby/backward -I/Users/mephux/.rvm/rubies/ruby-1.9.3-p194/include/ruby-1.9.1 -I. -I/usr/local/include -I/opt/local/include -I/sw/local/include -I/usr/include -I/Users/mephux/.rvm/usr/include -D_XOPEN_SOURCE -D_DARWIN_C_SOURCE    -O3 -g3 -Wextra -Wno-unused-parameter -Wno-parentheses -Wno-long-long -Wno-missing-field-initializers -Wpointer-arith -Wwrite-strings -Wdeclaration-after-statement -Wshorten-64-to-32 -Wimplicit-function-declaration  -fno-common -pipe conftest.c  -L. -L/Users/mephux/.rvm/rubies/ruby-1.9.3-p194/lib -L/usr/local/lib -L/opt/local/lib -L/sw/local/lib -L/usr/lib -L/Users/mephux/.rvm/usr/lib -L. -L/usr/local/lib     -lruby.1.9.1 -lsqlite3  -lpthread -ldl -lobjc "
conftest.c:5:53: error: use of undeclared identifier 'sqlite3_libversion_number'
int t() { void ((*volatile p)()); p = (void ((*)()))sqlite3_libversion_number; return 0; }
                                                    ^
1 error generated.
checked program was:
/* begin */
1: #include "ruby.h"
2: 
3: /*top*/
4: int main() {return 0;}
5: int t() { void ((*volatile p)()); p = (void ((*)()))sqlite3_libversion_number; return 0; }
/* end */

"clang -o conftest -I/Users/mephux/.rvm/rubies/ruby-1.9.3-p194/include/ruby-1.9.1/x86_64-darwin11.4.0 -I/Users/mephux/.rvm/rubies/ruby-1.9.3-p194/include/ruby-1.9.1/ruby/backward -I/Users/mephux/.rvm/rubies/ruby-1.9.3-p194/include/ruby-1.9.1 -I. -I/usr/local/include -I/opt/local/include -I/sw/local/include -I/usr/include -I/Users/mephux/.rvm/usr/include -D_XOPEN_SOURCE -D_DARWIN_C_SOURCE    -O3 -g3 -Wextra -Wno-unused-parameter -Wno-parentheses -Wno-long-long -Wno-missing-field-initializers -Wpointer-arith -Wwrite-strings -Wdeclaration-after-statement -Wshorten-64-to-32 -Wimplicit-function-declaration  -fno-common -pipe conftest.c  -L. -L/Users/mephux/.rvm/rubies/ruby-1.9.3-p194/lib -L/usr/local/lib -L/opt/local/lib -L/sw/local/lib -L/usr/lib -L/Users/mephux/.rvm/usr/lib -L. -L/usr/local/lib     -lruby.1.9.1 -lsqlite3  -lpthread -ldl -lobjc "
conftest.c:5:11: warning: implicit declaration of function 'sqlite3_libversion_number' is invalid in C99 [-Wimplicit-function-declaration]
int t() { sqlite3_libversion_number(); return 0; }
          ^
1 warning generated.
ld: warning: directory not found for option '-L/opt/local/lib'
ld: warning: directory not found for option '-L/sw/local/lib'
checked program was:
/* begin */
1: #include "ruby.h"
2: 
3: /*top*/
4: int main() {return 0;}
5: int t() { sqlite3_libversion_number(); return 0; }
/* end */

--------------------

have_func: checking for rb_proc_arity()... -------------------- yes

"clang -o conftest -I/Users/mephux/.rvm/rubies/ruby-1.9.3-p194/include/ruby-1.9.1/x86_64-darwin11.4.0 -I/Users/mephux/.rvm/rubies/ruby-1.9.3-p194/include/ruby-1.9.1/ruby/backward -I/Users/mephux/.rvm/rubies/ruby-1.9.3-p194/include/ruby-1.9.1 -I. -I/usr/local/include -I/opt/local/include -I/sw/local/include -I/usr/include -I/Users/mephux/.rvm/usr/include -D_XOPEN_SOURCE -D_DARWIN_C_SOURCE    -O3 -g3 -Wextra -Wno-unused-parameter -Wno-parentheses -Wno-long-long -Wno-missing-field-initializers -Wpointer-arith -Wwrite-strings -Wdeclaration-after-statement -Wshorten-64-to-32 -Wimplicit-function-declaration  -fno-common -pipe conftest.c  -L. -L/Users/mephux/.rvm/rubies/ruby-1.9.3-p194/lib -L/usr/local/lib -L/opt/local/lib -L/sw/local/lib -L/usr/lib -L/Users/mephux/.rvm/usr/lib -L. -L/usr/local/lib    -lsqlite3  -lruby.1.9.1 -lsqlite3  -lpthread -ldl -lobjc "
ld: warning: directory not found for option '-L/opt/local/lib'
ld: warning: directory not found for option '-L/sw/local/lib'
checked program was:
/* begin */
1: #include "ruby.h"
2: 
3: /*top*/
4: int main() {return 0;}
5: int t() { void ((*volatile p)()); p = (void ((*)()))rb_proc_arity; return 0; }
/* end */

--------------------

have_func: checking for sqlite3_initialize()... -------------------- yes

"clang -o conftest -I/Users/mephux/.rvm/rubies/ruby-1.9.3-p194/include/ruby-1.9.1/x86_64-darwin11.4.0 -I/Users/mephux/.rvm/rubies/ruby-1.9.3-p194/include/ruby-1.9.1/ruby/backward -I/Users/mephux/.rvm/rubies/ruby-1.9.3-p194/include/ruby-1.9.1 -I. -I/usr/local/include -I/opt/local/include -I/sw/local/include -I/usr/include -I/Users/mephux/.rvm/usr/include -D_XOPEN_SOURCE -D_DARWIN_C_SOURCE    -O3 -g3 -Wextra -Wno-unused-parameter -Wno-parentheses -Wno-long-long -Wno-missing-field-initializers -Wpointer-arith -Wwrite-strings -Wdeclaration-after-statement -Wshorten-64-to-32 -Wimplicit-function-declaration  -fno-common -pipe conftest.c  -L. -L/Users/mephux/.rvm/rubies/ruby-1.9.3-p194/lib -L/usr/local/lib -L/opt/local/lib -L/sw/local/lib -L/usr/lib -L/Users/mephux/.rvm/usr/lib -L. -L/usr/local/lib    -lsqlite3  -lruby.1.9.1 -lsqlite3  -lpthread -ldl -lobjc "
conftest.c:5:53: error: use of undeclared identifier 'sqlite3_initialize'
int t() { void ((*volatile p)()); p = (void ((*)()))sqlite3_initialize; return 0; }
                                                    ^
1 error generated.
checked program was:
/* begin */
1: #include "ruby.h"
2: 
3: /*top*/
4: int main() {return 0;}
5: int t() { void ((*volatile p)()); p = (void ((*)()))sqlite3_initialize; return 0; }
/* end */

"clang -o conftest -I/Users/mephux/.rvm/rubies/ruby-1.9.3-p194/include/ruby-1.9.1/x86_64-darwin11.4.0 -I/Users/mephux/.rvm/rubies/ruby-1.9.3-p194/include/ruby-1.9.1/ruby/backward -I/Users/mephux/.rvm/rubies/ruby-1.9.3-p194/include/ruby-1.9.1 -I. -I/usr/local/include -I/opt/local/include -I/sw/local/include -I/usr/include -I/Users/mephux/.rvm/usr/include -D_XOPEN_SOURCE -D_DARWIN_C_SOURCE    -O3 -g3 -Wextra -Wno-unused-parameter -Wno-parentheses -Wno-long-long -Wno-missing-field-initializers -Wpointer-arith -Wwrite-strings -Wdeclaration-after-statement -Wshorten-64-to-32 -Wimplicit-function-declaration  -fno-common -pipe conftest.c  -L. -L/Users/mephux/.rvm/rubies/ruby-1.9.3-p194/lib -L/usr/local/lib -L/opt/local/lib -L/sw/local/lib -L/usr/lib -L/Users/mephux/.rvm/usr/lib -L. -L/usr/local/lib    -lsqlite3  -lruby.1.9.1 -lsqlite3  -lpthread -ldl -lobjc "
conftest.c:5:11: warning: implicit declaration of function 'sqlite3_initialize' is invalid in C99 [-Wimplicit-function-declaration]
int t() { sqlite3_initialize(); return 0; }
          ^
1 warning generated.
ld: warning: directory not found for option '-L/opt/local/lib'
ld: warning: directory not found for option '-L/sw/local/lib'
checked program was:
/* begin */
1: #include "ruby.h"
2: 
3: /*top*/
4: int main() {return 0;}
5: int t() { sqlite3_initialize(); return 0; }
/* end */

--------------------

have_func: checking for sqlite3_next_stmt()... -------------------- yes

"clang -o conftest -I/Users/mephux/.rvm/rubies/ruby-1.9.3-p194/include/ruby-1.9.1/x86_64-darwin11.4.0 -I/Users/mephux/.rvm/rubies/ruby-1.9.3-p194/include/ruby-1.9.1/ruby/backward -I/Users/mephux/.rvm/rubies/ruby-1.9.3-p194/include/ruby-1.9.1 -I. -I/usr/local/include -I/opt/local/include -I/sw/local/include -I/usr/include -I/Users/mephux/.rvm/usr/include -D_XOPEN_SOURCE -D_DARWIN_C_SOURCE    -O3 -g3 -Wextra -Wno-unused-parameter -Wno-parentheses -Wno-long-long -Wno-missing-field-initializers -Wpointer-arith -Wwrite-strings -Wdeclaration-after-statement -Wshorten-64-to-32 -Wimplicit-function-declaration  -fno-common -pipe conftest.c  -L. -L/Users/mephux/.rvm/rubies/ruby-1.9.3-p194/lib -L/usr/local/lib -L/opt/local/lib -L/sw/local/lib -L/usr/lib -L/Users/mephux/.rvm/usr/lib -L. -L/usr/local/lib    -lsqlite3  -lruby.1.9.1 -lsqlite3  -lpthread -ldl -lobjc "
conftest.c:5:53: error: use of undeclared identifier 'sqlite3_next_stmt'
int t() { void ((*volatile p)()); p = (void ((*)()))sqlite3_next_stmt; return 0; }
                                                    ^
1 error generated.
checked program was:
/* begin */
1: #include "ruby.h"
2: 
3: /*top*/
4: int main() {return 0;}
5: int t() { void ((*volatile p)()); p = (void ((*)()))sqlite3_next_stmt; return 0; }
/* end */

"clang -o conftest -I/Users/mephux/.rvm/rubies/ruby-1.9.3-p194/include/ruby-1.9.1/x86_64-darwin11.4.0 -I/Users/mephux/.rvm/rubies/ruby-1.9.3-p194/include/ruby-1.9.1/ruby/backward -I/Users/mephux/.rvm/rubies/ruby-1.9.3-p194/include/ruby-1.9.1 -I. -I/usr/local/include -I/opt/local/include -I/sw/local/include -I/usr/include -I/Users/mephux/.rvm/usr/include -D_XOPEN_SOURCE -D_DARWIN_C_SOURCE    -O3 -g3 -Wextra -Wno-unused-parameter -Wno-parentheses -Wno-long-long -Wno-missing-field-initializers -Wpointer-arith -Wwrite-strings -Wdeclaration-after-statement -Wshorten-64-to-32 -Wimplicit-function-declaration  -fno-common -pipe conftest.c  -L. -L/Users/mephux/.rvm/rubies/ruby-1.9.3-p194/lib -L/usr/local/lib -L/opt/local/lib -L/sw/local/lib -L/usr/lib -L/Users/mephux/.rvm/usr/lib -L. -L/usr/local/lib    -lsqlite3  -lruby.1.9.1 -lsqlite3  -lpthread -ldl -lobjc "
conftest.c:5:11: warning: implicit declaration of function 'sqlite3_next_stmt' is invalid in C99 [-Wimplicit-function-declaration]
int t() { sqlite3_next_stmt(); return 0; }
          ^
1 warning generated.
ld: warning: directory not found for option '-L/opt/local/lib'
ld: warning: directory not found for option '-L/sw/local/lib'
checked program was:
/* begin */
1: #include "ruby.h"
2: 
3: /*top*/
4: int main() {return 0;}
5: int t() { sqlite3_next_stmt(); return 0; }
/* end */

--------------------

have_func: checking for sqlite3_column_database_name()... -------------------- yes

"clang -o conftest -I/Users/mephux/.rvm/rubies/ruby-1.9.3-p194/include/ruby-1.9.1/x86_64-darwin11.4.0 -I/Users/mephux/.rvm/rubies/ruby-1.9.3-p194/include/ruby-1.9.1/ruby/backward -I/Users/mephux/.rvm/rubies/ruby-1.9.3-p194/include/ruby-1.9.1 -I. -I/usr/local/include -I/opt/local/include -I/sw/local/include -I/usr/include -I/Users/mephux/.rvm/usr/include -D_XOPEN_SOURCE -D_DARWIN_C_SOURCE    -O3 -g3 -Wextra -Wno-unused-parameter -Wno-parentheses -Wno-long-long -Wno-missing-field-initializers -Wpointer-arith -Wwrite-strings -Wdeclaration-after-statement -Wshorten-64-to-32 -Wimplicit-function-declaration  -fno-common -pipe conftest.c  -L. -L/Users/mephux/.rvm/rubies/ruby-1.9.3-p194/lib -L/usr/local/lib -L/opt/local/lib -L/sw/local/lib -L/usr/lib -L/Users/mephux/.rvm/usr/lib -L. -L/usr/local/lib    -lsqlite3  -lruby.1.9.1 -lsqlite3  -lpthread -ldl -lobjc "
conftest.c:5:53: error: use of undeclared identifier 'sqlite3_column_database_name'
int t() { void ((*volatile p)()); p = (void ((*)()))sqlite3_column_database_name; return 0; }
                                                    ^
1 error generated.
checked program was:
/* begin */
1: #include "ruby.h"
2: 
3: /*top*/
4: int main() {return 0;}
5: int t() { void ((*volatile p)()); p = (void ((*)()))sqlite3_column_database_name; return 0; }
/* end */

"clang -o conftest -I/Users/mephux/.rvm/rubies/ruby-1.9.3-p194/include/ruby-1.9.1/x86_64-darwin11.4.0 -I/Users/mephux/.rvm/rubies/ruby-1.9.3-p194/include/ruby-1.9.1/ruby/backward -I/Users/mephux/.rvm/rubies/ruby-1.9.3-p194/include/ruby-1.9.1 -I. -I/usr/local/include -I/opt/local/include -I/sw/local/include -I/usr/include -I/Users/mephux/.rvm/usr/include -D_XOPEN_SOURCE -D_DARWIN_C_SOURCE    -O3 -g3 -Wextra -Wno-unused-parameter -Wno-parentheses -Wno-long-long -Wno-missing-field-initializers -Wpointer-arith -Wwrite-strings -Wdeclaration-after-statement -Wshorten-64-to-32 -Wimplicit-function-declaration  -fno-common -pipe conftest.c  -L. -L/Users/mephux/.rvm/rubies/ruby-1.9.3-p194/lib -L/usr/local/lib -L/opt/local/lib -L/sw/local/lib -L/usr/lib -L/Users/mephux/.rvm/usr/lib -L. -L/usr/local/lib    -lsqlite3  -lruby.1.9.1 -lsqlite3  -lpthread -ldl -lobjc "
conftest.c:5:11: warning: implicit declaration of function 'sqlite3_column_database_name' is invalid in C99 [-Wimplicit-function-declaration]
int t() { sqlite3_column_database_name(); return 0; }
          ^
1 warning generated.
ld: warning: directory not found for option '-L/opt/local/lib'
ld: warning: directory not found for option '-L/sw/local/lib'
checked program was:
/* begin */
1: #include "ruby.h"
2: 
3: /*top*/
4: int main() {return 0;}
5: int t() { sqlite3_column_database_name(); return 0; }
/* end */

--------------------

have_func: checking for sqlite3_enable_load_extension()... -------------------- yes

"clang -o conftest -I/Users/mephux/.rvm/rubies/ruby-1.9.3-p194/include/ruby-1.9.1/x86_64-darwin11.4.0 -I/Users/mephux/.rvm/rubies/ruby-1.9.3-p194/include/ruby-1.9.1/ruby/backward -I/Users/mephux/.rvm/rubies/ruby-1.9.3-p194/include/ruby-1.9.1 -I. -I/usr/local/include -I/opt/local/include -I/sw/local/include -I/usr/include -I/Users/mephux/.rvm/usr/include -D_XOPEN_SOURCE -D_DARWIN_C_SOURCE    -O3 -g3 -Wextra -Wno-unused-parameter -Wno-parentheses -Wno-long-long -Wno-missing-field-initializers -Wpointer-arith -Wwrite-strings -Wdeclaration-after-statement -Wshorten-64-to-32 -Wimplicit-function-declaration  -fno-common -pipe conftest.c  -L. -L/Users/mephux/.rvm/rubies/ruby-1.9.3-p194/lib -L/usr/local/lib -L/opt/local/lib -L/sw/local/lib -L/usr/lib -L/Users/mephux/.rvm/usr/lib -L. -L/usr/local/lib    -lsqlite3  -lruby.1.9.1 -lsqlite3  -lpthread -ldl -lobjc "
conftest.c:5:53: error: use of undeclared identifier 'sqlite3_enable_load_extension'
int t() { void ((*volatile p)()); p = (void ((*)()))sqlite3_enable_load_extension; return 0; }
                                                    ^
1 error generated.
checked program was:
/* begin */
1: #include "ruby.h"
2: 
3: /*top*/
4: int main() {return 0;}
5: int t() { void ((*volatile p)()); p = (void ((*)()))sqlite3_enable_load_extension; return 0; }
/* end */

"clang -o conftest -I/Users/mephux/.rvm/rubies/ruby-1.9.3-p194/include/ruby-1.9.1/x86_64-darwin11.4.0 -I/Users/mephux/.rvm/rubies/ruby-1.9.3-p194/include/ruby-1.9.1/ruby/backward -I/Users/mephux/.rvm/rubies/ruby-1.9.3-p194/include/ruby-1.9.1 -I. -I/usr/local/include -I/opt/local/include -I/sw/local/include -I/usr/include -I/Users/mephux/.rvm/usr/include -D_XOPEN_SOURCE -D_DARWIN_C_SOURCE    -O3 -g3 -Wextra -Wno-unused-parameter -Wno-parentheses -Wno-long-long -Wno-missing-field-initializers -Wpointer-arith -Wwrite-strings -Wdeclaration-after-statement -Wshorten-64-to-32 -Wimplicit-function-declaration  -fno-common -pipe conftest.c  -L. -L/Users/mephux/.rvm/rubies/ruby-1.9.3-p194/lib -L/usr/local/lib -L/opt/local/lib -L/sw/local/lib -L/usr/lib -L/Users/mephux/.rvm/usr/lib -L. -L/usr/local/lib    -lsqlite3  -lruby.1.9.1 -lsqlite3  -lpthread -ldl -lobjc "
conftest.c:5:11: warning: implicit declaration of function 'sqlite3_enable_load_extension' is invalid in C99 [-Wimplicit-function-declaration]
int t() { sqlite3_enable_load_extension(); return 0; }
          ^
1 warning generated.
ld: warning: directory not found for option '-L/opt/local/lib'
ld: warning: directory not found for option '-L/sw/local/lib'
checked program was:
/* begin */
1: #include "ruby.h"
2: 
3: /*top*/
4: int main() {return 0;}
5: int t() { sqlite3_enable_load_extension(); return 0; }
/* end */

--------------------

have_func: checking for sqlite3_load_extension()... -------------------- yes

"clang -o conftest -I/Users/mephux/.rvm/rubies/ruby-1.9.3-p194/include/ruby-1.9.1/x86_64-darwin11.4.0 -I/Users/mephux/.rvm/rubies/ruby-1.9.3-p194/include/ruby-1.9.1/ruby/backward -I/Users/mephux/.rvm/rubies/ruby-1.9.3-p194/include/ruby-1.9.1 -I. -I/usr/local/include -I/opt/local/include -I/sw/local/include -I/usr/include -I/Users/mephux/.rvm/usr/include -D_XOPEN_SOURCE -D_DARWIN_C_SOURCE    -O3 -g3 -Wextra -Wno-unused-parameter -Wno-parentheses -Wno-long-long -Wno-missing-field-initializers -Wpointer-arith -Wwrite-strings -Wdeclaration-after-statement -Wshorten-64-to-32 -Wimplicit-function-declaration  -fno-common -pipe conftest.c  -L. -L/Users/mephux/.rvm/rubies/ruby-1.9.3-p194/lib -L/usr/local/lib -L/opt/local/lib -L/sw/local/lib -L/usr/lib -L/Users/mephux/.rvm/usr/lib -L. -L/usr/local/lib    -lsqlite3  -lruby.1.9.1 -lsqlite3  -lpthread -ldl -lobjc "
conftest.c:5:53: error: use of undeclared identifier 'sqlite3_load_extension'
int t() { void ((*volatile p)()); p = (void ((*)()))sqlite3_load_extension; return 0; }
                                                    ^
1 error generated.
checked program was:
/* begin */
1: #include "ruby.h"
2: 
3: /*top*/
4: int main() {return 0;}
5: int t() { void ((*volatile p)()); p = (void ((*)()))sqlite3_load_extension; return 0; }
/* end */

"clang -o conftest -I/Users/mephux/.rvm/rubies/ruby-1.9.3-p194/include/ruby-1.9.1/x86_64-darwin11.4.0 -I/Users/mephux/.rvm/rubies/ruby-1.9.3-p194/include/ruby-1.9.1/ruby/backward -I/Users/mephux/.rvm/rubies/ruby-1.9.3-p194/include/ruby-1.9.1 -I. -I/usr/local/include -I/opt/local/include -I/sw/local/include -I/usr/include -I/Users/mephux/.rvm/usr/include -D_XOPEN_SOURCE -D_DARWIN_C_SOURCE    -O3 -g3 -Wextra -Wno-unused-parameter -Wno-parentheses -Wno-long-long -Wno-missing-field-initializers -Wpointer-arith -Wwrite-strings -Wdeclaration-after-statement -Wshorten-64-to-32 -Wimplicit-function-declaration  -fno-common -pipe conftest.c  -L. -L/Users/mephux/.rvm/rubies/ruby-1.9.3-p194/lib -L/usr/local/lib -L/opt/local/lib -L/sw/local/lib -L/usr/lib -L/Users/mephux/.rvm/usr/lib -L. -L/usr/local/lib    -lsqlite3  -lruby.1.9.1 -lsqlite3  -lpthread -ldl -lobjc "
conftest.c:5:11: warning: implicit declaration of function 'sqlite3_load_extension' is invalid in C99 [-Wimplicit-function-declaration]
int t() { sqlite3_load_extension(); return 0; }
          ^
1 warning generated.
ld: warning: directory not found for option '-L/opt/local/lib'
ld: warning: directory not found for option '-L/sw/local/lib'
checked program was:
/* begin */
1: #include "ruby.h"
2: 
3: /*top*/
4: int main() {return 0;}
5: int t() { sqlite3_load_extension(); return 0; }
/* end */

--------------------

